[2018-02-09 13:12:48] RdLotteryManager.INFO: Iniciando processamento de leitura do arquivo de retorno [] []
[2018-02-09 13:15:03] RdLotteryManager.INFO: Iniciando processamento de leitura do arquivo de retorno [] []
[2018-02-09 13:15:03] RdLotteryManager.INFO: Realizando a leitura do arquivo: /home/rodrigo/Projects/prova-refactoring/src/../resources/C12345.RET [] []
[2018-02-09 13:17:02] RdLotteryManager.INFO: Iniciando processamento de leitura do arquivo de retorno [] []
[2018-02-09 13:17:02] RdLotteryManager.INFO: Realizando a leitura do arquivo: /home/rodrigo/Projects/prova-refactoring/src/../resources/C12345.RET [] []
[2018-02-09 13:17:02] RdLotteryManager.INFO: Data do arquivo: 2018-01-03 [] []
[2018-02-09 13:17:02] RdLotteryManager.INFO: Arquivo válido, continuando com o processamento. [] []
[2018-02-09 13:17:36] RdLotteryManager.INFO: Iniciando processamento de leitura do arquivo de retorno [] []
[2018-02-09 13:17:36] RdLotteryManager.INFO: Realizando a leitura do arquivo: /home/rodrigo/Projects/prova-refactoring/src/../resources/C12345.RET [] []
[2018-02-09 13:17:36] RdLotteryManager.INFO: Data do arquivo: 2018-01-03 [] []
[2018-02-09 13:17:36] RdLotteryManager.INFO: Arquivo válido, continuando com o processamento. [] []
[2018-02-09 13:17:36] RdLotteryManager.INFO: Pagamento do título 61000001 efetuado com sucesso! [] []
[2018-02-09 13:17:36] RdLotteryManager.INFO: Pagamento do título 61000002 efetuado com sucesso! [] []
[2018-02-09 13:17:36] RdLotteryManager.INFO: Pagamento do título 61000003 efetuado com sucesso! [] []
[2018-02-09 13:17:36] RdLotteryManager.INFO: Pagamento do título 61000004 efetuado com sucesso! [] []
[2018-02-09 13:17:36] RdLotteryManager.INFO: Pagamento do título 61000005 efetuado com sucesso! [] []
[2018-02-09 13:17:36] RdLotteryManager.INFO: Pagamento do título 61000006 efetuado com sucesso! [] []
[2018-02-09 13:17:36] RdLotteryManager.INFO: Pagamento do título 61000007 efetuado com sucesso! [] []
[2018-02-09 13:17:36] RdLotteryManager.INFO: Pagamento do título 61000008 efetuado com sucesso! [] []
[2018-02-09 13:17:36] RdLotteryManager.ERROR: Pagamento do título 61000009 não foi validado com sucesso! [] []
[2018-02-09 13:17:36] RdLotteryManager.INFO: Pagamento do título 61000010 efetuado com sucesso! [] []
[2018-02-09 13:17:36] RdLotteryManager.INFO: Pagamento do título 61000011 efetuado com sucesso! [] []
[2018-02-09 13:17:36] RdLotteryManager.INFO: Pagamento do título 61000012 efetuado com sucesso! [] []
[2018-02-09 13:17:36] RdLotteryManager.INFO: Pagamento do título 61000013 efetuado com sucesso! [] []
[2018-02-09 13:17:36] RdLotteryManager.INFO: Pagamento do título 61000014 efetuado com sucesso! [] []
[2018-02-09 13:17:36] RdLotteryManager.INFO: Pagamento do título 61000015 efetuado com sucesso! [] []
[2018-02-09 13:17:36] RdLotteryManager.INFO: Pagamento do título 61000016 efetuado com sucesso! [] []
[2018-02-09 13:17:36] RdLotteryManager.INFO: Pagamento do título 61000017 efetuado com sucesso! [] []
[2018-02-09 13:17:36] RdLotteryManager.INFO: Pagamento do título 61000018 efetuado com sucesso! [] []
[2018-02-09 13:17:36] RdLotteryManager.INFO: Pagamento do título 61000019 efetuado com sucesso! [] []
[2018-02-09 13:17:36] RdLotteryManager.INFO: Pagamento do título 61000020 efetuado com sucesso! [] []
[2018-02-09 13:17:36] RdLotteryManager.INFO: Pagamento do título 61000021 efetuado com sucesso! [] []
[2018-02-09 13:17:36] RdLotteryManager.INFO: Pagamento do título 61000022 efetuado com sucesso! [] []
[2018-02-09 13:17:36] RdLotteryManager.INFO: Pagamento do título 61000023 efetuado com sucesso! [] []
[2018-02-09 13:17:36] RdLotteryManager.INFO: Pagamento do título 61000024 efetuado com sucesso! [] []
[2018-02-09 13:17:36] RdLotteryManager.INFO: Pagamento do título 61000025 efetuado com sucesso! [] []
[2018-02-09 13:17:36] RdLotteryManager.INFO: Pagamento do título 61000026 efetuado com sucesso! [] []
[2018-02-09 13:17:36] RdLotteryManager.INFO: Pagamento do título 61000027 efetuado com sucesso! [] []
[2018-02-09 13:17:36] RdLotteryManager.INFO: Pagamento do título 61000028 efetuado com sucesso! [] []
[2018-02-09 13:17:36] RdLotteryManager.INFO: Pagamento do título 61000029 efetuado com sucesso! [] []
[2018-02-09 13:17:36] RdLotteryManager.INFO: Pagamento do título 61000030 efetuado com sucesso! [] []
[2018-02-09 13:17:36] RdLotteryManager.INFO: Pagamento do título 61000031 efetuado com sucesso! [] []
[2018-02-09 13:17:36] RdLotteryManager.INFO: Pagamento do título 61000032 efetuado com sucesso! [] []
[2018-02-09 13:17:36] RdLotteryManager.INFO: Pagamento do título 61000033 efetuado com sucesso! [] []
[2018-02-09 13:17:36] RdLotteryManager.INFO: Pagamento do título 61000034 efetuado com sucesso! [] []
[2018-02-09 13:17:36] RdLotteryManager.INFO: Pagamento do título 61000035 efetuado com sucesso! [] []
[2018-02-09 13:17:36] RdLotteryManager.INFO: Pagamento do título 61000036 efetuado com sucesso! [] []
[2018-02-09 13:17:36] RdLotteryManager.INFO: Pagamento do título 61000037 efetuado com sucesso! [] []
[2018-02-09 13:17:36] RdLotteryManager.INFO: Pagamento do título 61000038 efetuado com sucesso! [] []
[2018-02-09 13:17:36] RdLotteryManager.INFO: Arquivo importado com sucesso! [] []
[2018-02-09 13:20:13] RdLotteryManager.INFO: Iniciando processamento de leitura do arquivo de retorno [] []
[2018-02-09 13:20:13] RdLotteryManager.INFO: Realizando a leitura do arquivo: /home/rodrigo/Projects/prova-refactoring/src/../resources/C12345.RET [] []
[2018-02-09 13:20:13] RdLotteryManager.INFO: Lendo a linha do cabecalho [] []
[2018-02-09 13:20:13] RdLotteryManager.INFO: Data do arquivo: 2018-01-03 [] []
[2018-02-09 13:20:13] RdLotteryManager.INFO: Arquivo válido, continuando com o processamento. [] []
[2018-02-09 13:20:13] RdLotteryManager.INFO: Pagamento do título 61000001 efetuado com sucesso! [] []
[2018-02-09 13:20:13] RdLotteryManager.INFO: Pagamento do título 61000002 efetuado com sucesso! [] []
[2018-02-09 13:20:13] RdLotteryManager.INFO: Pagamento do título 61000003 efetuado com sucesso! [] []
[2018-02-09 13:20:13] RdLotteryManager.INFO: Pagamento do título 61000004 efetuado com sucesso! [] []
[2018-02-09 13:20:13] RdLotteryManager.INFO: Pagamento do título 61000005 efetuado com sucesso! [] []
[2018-02-09 13:20:13] RdLotteryManager.INFO: Pagamento do título 61000006 efetuado com sucesso! [] []
[2018-02-09 13:20:13] RdLotteryManager.INFO: Pagamento do título 61000007 efetuado com sucesso! [] []
[2018-02-09 13:20:13] RdLotteryManager.INFO: Pagamento do título 61000008 efetuado com sucesso! [] []
[2018-02-09 13:20:13] RdLotteryManager.ERROR: Pagamento do título 61000009 não foi validado com sucesso! [] []
[2018-02-09 13:20:13] RdLotteryManager.INFO: Pagamento do título 61000010 efetuado com sucesso! [] []
[2018-02-09 13:20:13] RdLotteryManager.INFO: Pagamento do título 61000011 efetuado com sucesso! [] []
[2018-02-09 13:20:13] RdLotteryManager.INFO: Pagamento do título 61000012 efetuado com sucesso! [] []
[2018-02-09 13:20:13] RdLotteryManager.INFO: Pagamento do título 61000013 efetuado com sucesso! [] []
[2018-02-09 13:20:13] RdLotteryManager.INFO: Pagamento do título 61000014 efetuado com sucesso! [] []
[2018-02-09 13:20:13] RdLotteryManager.INFO: Pagamento do título 61000015 efetuado com sucesso! [] []
[2018-02-09 13:20:13] RdLotteryManager.INFO: Pagamento do título 61000016 efetuado com sucesso! [] []
[2018-02-09 13:20:13] RdLotteryManager.INFO: Pagamento do título 61000017 efetuado com sucesso! [] []
[2018-02-09 13:20:13] RdLotteryManager.INFO: Pagamento do título 61000018 efetuado com sucesso! [] []
[2018-02-09 13:20:13] RdLotteryManager.INFO: Pagamento do título 61000019 efetuado com sucesso! [] []
[2018-02-09 13:20:13] RdLotteryManager.INFO: Pagamento do título 61000020 efetuado com sucesso! [] []
[2018-02-09 13:20:13] RdLotteryManager.INFO: Pagamento do título 61000021 efetuado com sucesso! [] []
[2018-02-09 13:20:13] RdLotteryManager.INFO: Pagamento do título 61000022 efetuado com sucesso! [] []
[2018-02-09 13:20:13] RdLotteryManager.INFO: Pagamento do título 61000023 efetuado com sucesso! [] []
[2018-02-09 13:20:13] RdLotteryManager.INFO: Pagamento do título 61000024 efetuado com sucesso! [] []
[2018-02-09 13:20:13] RdLotteryManager.INFO: Pagamento do título 61000025 efetuado com sucesso! [] []
[2018-02-09 13:20:13] RdLotteryManager.INFO: Pagamento do título 61000026 efetuado com sucesso! [] []
[2018-02-09 13:20:13] RdLotteryManager.INFO: Pagamento do título 61000027 efetuado com sucesso! [] []
[2018-02-09 13:20:13] RdLotteryManager.INFO: Pagamento do título 61000028 efetuado com sucesso! [] []
[2018-02-09 13:20:13] RdLotteryManager.INFO: Pagamento do título 61000029 efetuado com sucesso! [] []
[2018-02-09 13:20:13] RdLotteryManager.INFO: Pagamento do título 61000030 efetuado com sucesso! [] []
[2018-02-09 13:20:13] RdLotteryManager.INFO: Pagamento do título 61000031 efetuado com sucesso! [] []
[2018-02-09 13:20:13] RdLotteryManager.INFO: Pagamento do título 61000032 efetuado com sucesso! [] []
[2018-02-09 13:20:13] RdLotteryManager.INFO: Pagamento do título 61000033 efetuado com sucesso! [] []
[2018-02-09 13:20:13] RdLotteryManager.INFO: Pagamento do título 61000034 efetuado com sucesso! [] []
[2018-02-09 13:20:13] RdLotteryManager.INFO: Pagamento do título 61000035 efetuado com sucesso! [] []
[2018-02-09 13:20:13] RdLotteryManager.INFO: Pagamento do título 61000036 efetuado com sucesso! [] []
[2018-02-09 13:20:13] RdLotteryManager.INFO: Pagamento do título 61000037 efetuado com sucesso! [] []
[2018-02-09 13:20:13] RdLotteryManager.INFO: Pagamento do título 61000038 efetuado com sucesso! [] []
[2018-02-09 13:20:13] RdLotteryManager.INFO: Arquivo importado com sucesso! [] []
[2018-02-09 13:28:08] RdLotteryManager.INFO: Iniciando processamento de leitura do arquivo de retorno [] []
[2018-02-09 13:28:08] RdLotteryManager.INFO: Realizando a leitura do arquivo: /home/rodrigo/Projects/prova-refactoring/src/../resources/C12345.RET [] []
[2018-02-09 13:28:08] RdLotteryManager.INFO: Lendo a linha do cabecalho [] []
[2018-02-09 13:28:08] RdLotteryManager.INFO: Data do arquivo: 2018-01-03 [] []
[2018-02-09 13:28:08] RdLotteryManager.INFO: Arquivo válido, continuando com o processamento. [] []
[2018-02-09 13:28:08] RdLotteryManager.ERROR: Tipo de entrada não encontrada! [] []
[2018-02-09 13:28:08] RdLotteryManager.ERROR: Tipo de entrada não encontrada! [] []
[2018-02-09 13:28:08] RdLotteryManager.ERROR: Tipo de entrada não encontrada! [] []
[2018-02-09 13:28:08] RdLotteryManager.ERROR: Tipo de entrada não encontrada! [] []
[2018-02-09 13:28:08] RdLotteryManager.ERROR: Tipo de entrada não encontrada! [] []
[2018-02-09 13:28:08] RdLotteryManager.ERROR: Tipo de entrada não encontrada! [] []
[2018-02-09 13:28:08] RdLotteryManager.ERROR: Tipo de entrada não encontrada! [] []
[2018-02-09 13:28:08] RdLotteryManager.ERROR: Tipo de entrada não encontrada! [] []
[2018-02-09 13:28:08] RdLotteryManager.ERROR: Tipo de entrada não encontrada! [] []
[2018-02-09 13:28:08] RdLotteryManager.ERROR: Tipo de entrada não encontrada! [] []
[2018-02-09 13:28:08] RdLotteryManager.ERROR: Tipo de entrada não encontrada! [] []
[2018-02-09 13:28:08] RdLotteryManager.ERROR: Tipo de entrada não encontrada! [] []
[2018-02-09 13:28:08] RdLotteryManager.ERROR: Tipo de entrada não encontrada! [] []
[2018-02-09 13:28:08] RdLotteryManager.ERROR: Tipo de entrada não encontrada! [] []
[2018-02-09 13:28:08] RdLotteryManager.ERROR: Tipo de entrada não encontrada! [] []
[2018-02-09 13:28:08] RdLotteryManager.ERROR: Tipo de entrada não encontrada! [] []
[2018-02-09 13:28:08] RdLotteryManager.ERROR: Tipo de entrada não encontrada! [] []
[2018-02-09 13:28:08] RdLotteryManager.ERROR: Tipo de entrada não encontrada! [] []
[2018-02-09 13:28:08] RdLotteryManager.ERROR: Tipo de entrada não encontrada! [] []
[2018-02-09 13:28:08] RdLotteryManager.ERROR: Tipo de entrada não encontrada! [] []
[2018-02-09 13:28:08] RdLotteryManager.ERROR: Tipo de entrada não encontrada! [] []
[2018-02-09 13:28:08] RdLotteryManager.ERROR: Tipo de entrada não encontrada! [] []
[2018-02-09 13:28:08] RdLotteryManager.ERROR: Tipo de entrada não encontrada! [] []
[2018-02-09 13:28:08] RdLotteryManager.ERROR: Tipo de entrada não encontrada! [] []
[2018-02-09 13:28:08] RdLotteryManager.ERROR: Tipo de entrada não encontrada! [] []
[2018-02-09 13:28:08] RdLotteryManager.ERROR: Tipo de entrada não encontrada! [] []
[2018-02-09 13:28:08] RdLotteryManager.ERROR: Tipo de entrada não encontrada! [] []
[2018-02-09 13:28:08] RdLotteryManager.ERROR: Tipo de entrada não encontrada! [] []
[2018-02-09 13:28:08] RdLotteryManager.ERROR: Tipo de entrada não encontrada! [] []
[2018-02-09 13:28:08] RdLotteryManager.ERROR: Tipo de entrada não encontrada! [] []
[2018-02-09 13:28:08] RdLotteryManager.ERROR: Tipo de entrada não encontrada! [] []
[2018-02-09 13:28:08] RdLotteryManager.ERROR: Tipo de entrada não encontrada! [] []
[2018-02-09 13:28:08] RdLotteryManager.ERROR: Tipo de entrada não encontrada! [] []
[2018-02-09 13:28:08] RdLotteryManager.ERROR: Tipo de entrada não encontrada! [] []
[2018-02-09 13:28:08] RdLotteryManager.ERROR: Tipo de entrada não encontrada! [] []
[2018-02-09 13:28:08] RdLotteryManager.ERROR: Tipo de entrada não encontrada! [] []
[2018-02-09 13:28:08] RdLotteryManager.ERROR: Tipo de entrada não encontrada! [] []
[2018-02-09 13:28:08] RdLotteryManager.ERROR: Tipo de entrada não encontrada! [] []
[2018-02-09 13:28:08] RdLotteryManager.INFO: Arquivo importado com sucesso! [] []
[2018-02-09 13:29:45] RdLotteryManager.INFO: Iniciando processamento de leitura do arquivo de retorno [] []
[2018-02-09 13:29:45] RdLotteryManager.INFO: Realizando a leitura do arquivo: /home/rodrigo/Projects/prova-refactoring/src/../resources/C12345.RET [] []
[2018-02-09 13:29:45] RdLotteryManager.INFO: Lendo a linha do cabecalho [] []
[2018-02-09 13:29:45] RdLotteryManager.INFO: Data do arquivo: 2018-01-03 [] []
[2018-02-09 13:29:45] RdLotteryManager.INFO: Arquivo válido, continuando com o processamento. [] []
[2018-02-09 13:29:45] RdLotteryManager.ERROR: Tipo de entrada não encontrada! [] []
[2018-02-09 13:29:45] RdLotteryManager.ERROR: Tipo de entrada não encontrada! [] []
[2018-02-09 13:29:45] RdLotteryManager.ERROR: Tipo de entrada não encontrada! [] []
[2018-02-09 13:29:45] RdLotteryManager.ERROR: Tipo de entrada não encontrada! [] []
[2018-02-09 13:29:45] RdLotteryManager.ERROR: Tipo de entrada não encontrada! [] []
[2018-02-09 13:29:45] RdLotteryManager.ERROR: Tipo de entrada não encontrada! [] []
[2018-02-09 13:29:45] RdLotteryManager.ERROR: Tipo de entrada não encontrada! [] []
[2018-02-09 13:29:45] RdLotteryManager.ERROR: Tipo de entrada não encontrada! [] []
[2018-02-09 13:29:45] RdLotteryManager.ERROR: Tipo de entrada não encontrada! [] []
[2018-02-09 13:29:45] RdLotteryManager.ERROR: Tipo de entrada não encontrada! [] []
[2018-02-09 13:29:45] RdLotteryManager.ERROR: Tipo de entrada não encontrada! [] []
[2018-02-09 13:29:45] RdLotteryManager.ERROR: Tipo de entrada não encontrada! [] []
[2018-02-09 13:29:45] RdLotteryManager.ERROR: Tipo de entrada não encontrada! [] []
[2018-02-09 13:29:45] RdLotteryManager.ERROR: Tipo de entrada não encontrada! [] []
[2018-02-09 13:29:45] RdLotteryManager.ERROR: Tipo de entrada não encontrada! [] []
[2018-02-09 13:29:45] RdLotteryManager.ERROR: Tipo de entrada não encontrada! [] []
[2018-02-09 13:29:45] RdLotteryManager.ERROR: Tipo de entrada não encontrada! [] []
[2018-02-09 13:29:45] RdLotteryManager.ERROR: Tipo de entrada não encontrada! [] []
[2018-02-09 13:29:45] RdLotteryManager.ERROR: Tipo de entrada não encontrada! [] []
[2018-02-09 13:29:45] RdLotteryManager.ERROR: Tipo de entrada não encontrada! [] []
[2018-02-09 13:29:45] RdLotteryManager.ERROR: Tipo de entrada não encontrada! [] []
[2018-02-09 13:29:45] RdLotteryManager.ERROR: Tipo de entrada não encontrada! [] []
[2018-02-09 13:29:45] RdLotteryManager.ERROR: Tipo de entrada não encontrada! [] []
[2018-02-09 13:29:45] RdLotteryManager.ERROR: Tipo de entrada não encontrada! [] []
[2018-02-09 13:29:45] RdLotteryManager.ERROR: Tipo de entrada não encontrada! [] []
[2018-02-09 13:29:45] RdLotteryManager.ERROR: Tipo de entrada não encontrada! [] []
[2018-02-09 13:29:45] RdLotteryManager.ERROR: Tipo de entrada não encontrada! [] []
[2018-02-09 13:29:45] RdLotteryManager.ERROR: Tipo de entrada não encontrada! [] []
[2018-02-09 13:29:45] RdLotteryManager.ERROR: Tipo de entrada não encontrada! [] []
[2018-02-09 13:29:45] RdLotteryManager.ERROR: Tipo de entrada não encontrada! [] []
[2018-02-09 13:29:45] RdLotteryManager.ERROR: Tipo de entrada não encontrada! [] []
[2018-02-09 13:29:45] RdLotteryManager.ERROR: Tipo de entrada não encontrada! [] []
[2018-02-09 13:29:45] RdLotteryManager.ERROR: Tipo de entrada não encontrada! [] []
[2018-02-09 13:29:45] RdLotteryManager.ERROR: Tipo de entrada não encontrada! [] []
[2018-02-09 13:29:45] RdLotteryManager.ERROR: Tipo de entrada não encontrada! [] []
[2018-02-09 13:29:45] RdLotteryManager.ERROR: Tipo de entrada não encontrada! [] []
[2018-02-09 13:29:45] RdLotteryManager.ERROR: Tipo de entrada não encontrada! [] []
[2018-02-09 13:29:45] RdLotteryManager.ERROR: Tipo de entrada não encontrada! [] []
[2018-02-09 13:29:45] RdLotteryManager.INFO: Arquivo importado com sucesso! [] []
[2018-02-09 13:32:08] RdLotteryManager.INFO: Iniciando processamento de leitura do arquivo de retorno [] []
[2018-02-09 13:32:08] RdLotteryManager.INFO: Realizando a leitura do arquivo: /home/rodrigo/Projects/prova-refactoring/src/../resources/C12345.RET [] []
[2018-02-09 13:32:08] RdLotteryManager.INFO: Lendo a linha do cabecalho [] []
[2018-02-09 13:32:08] RdLotteryManager.INFO: Data do arquivo: 2018-01-03 [] []
[2018-02-09 13:32:08] RdLotteryManager.INFO: Arquivo válido, continuando com o processamento. [] []
[2018-02-09 13:32:08] RdLotteryManager.INFO: Pagamento do título 61000001 efetuado com sucesso! [] []
[2018-02-09 13:32:08] RdLotteryManager.INFO: Pagamento do título 61000002 efetuado com sucesso! [] []
[2018-02-09 13:32:08] RdLotteryManager.INFO: Pagamento do título 61000003 efetuado com sucesso! [] []
[2018-02-09 13:32:08] RdLotteryManager.INFO: Pagamento do título 61000004 efetuado com sucesso! [] []
[2018-02-09 13:32:08] RdLotteryManager.INFO: Pagamento do título 61000005 efetuado com sucesso! [] []
[2018-02-09 13:32:08] RdLotteryManager.INFO: Pagamento do título 61000006 efetuado com sucesso! [] []
[2018-02-09 13:32:08] RdLotteryManager.INFO: Pagamento do título 61000007 efetuado com sucesso! [] []
[2018-02-09 13:32:08] RdLotteryManager.INFO: Pagamento do título 61000008 efetuado com sucesso! [] []
[2018-02-09 13:32:08] RdLotteryManager.ERROR: Pagamento do título 61000009 não foi validado com sucesso! [] []
[2018-02-09 13:32:08] RdLotteryManager.INFO: Pagamento do título 61000010 efetuado com sucesso! [] []
[2018-02-09 13:32:08] RdLotteryManager.INFO: Pagamento do título 61000011 efetuado com sucesso! [] []
[2018-02-09 13:32:08] RdLotteryManager.INFO: Pagamento do título 61000012 efetuado com sucesso! [] []
[2018-02-09 13:32:08] RdLotteryManager.INFO: Pagamento do título 61000013 efetuado com sucesso! [] []
[2018-02-09 13:32:08] RdLotteryManager.INFO: Pagamento do título 61000014 efetuado com sucesso! [] []
[2018-02-09 13:32:08] RdLotteryManager.INFO: Pagamento do título 61000015 efetuado com sucesso! [] []
[2018-02-09 13:32:08] RdLotteryManager.INFO: Pagamento do título 61000016 efetuado com sucesso! [] []
[2018-02-09 13:32:08] RdLotteryManager.INFO: Pagamento do título 61000017 efetuado com sucesso! [] []
[2018-02-09 13:32:08] RdLotteryManager.INFO: Pagamento do título 61000018 efetuado com sucesso! [] []
[2018-02-09 13:32:08] RdLotteryManager.INFO: Pagamento do título 61000019 efetuado com sucesso! [] []
[2018-02-09 13:32:08] RdLotteryManager.INFO: Pagamento do título 61000020 efetuado com sucesso! [] []
[2018-02-09 13:32:08] RdLotteryManager.INFO: Pagamento do título 61000021 efetuado com sucesso! [] []
[2018-02-09 13:32:08] RdLotteryManager.INFO: Pagamento do título 61000022 efetuado com sucesso! [] []
[2018-02-09 13:32:08] RdLotteryManager.INFO: Pagamento do título 61000023 efetuado com sucesso! [] []
[2018-02-09 13:32:08] RdLotteryManager.INFO: Pagamento do título 61000024 efetuado com sucesso! [] []
[2018-02-09 13:32:08] RdLotteryManager.INFO: Pagamento do título 61000025 efetuado com sucesso! [] []
[2018-02-09 13:32:08] RdLotteryManager.INFO: Pagamento do título 61000026 efetuado com sucesso! [] []
[2018-02-09 13:32:08] RdLotteryManager.INFO: Pagamento do título 61000027 efetuado com sucesso! [] []
[2018-02-09 13:32:08] RdLotteryManager.INFO: Pagamento do título 61000028 efetuado com sucesso! [] []
[2018-02-09 13:32:08] RdLotteryManager.INFO: Pagamento do título 61000029 efetuado com sucesso! [] []
[2018-02-09 13:32:08] RdLotteryManager.INFO: Pagamento do título 61000030 efetuado com sucesso! [] []
[2018-02-09 13:32:08] RdLotteryManager.INFO: Pagamento do título 61000031 efetuado com sucesso! [] []
[2018-02-09 13:32:08] RdLotteryManager.INFO: Pagamento do título 61000032 efetuado com sucesso! [] []
[2018-02-09 13:32:08] RdLotteryManager.INFO: Pagamento do título 61000033 efetuado com sucesso! [] []
[2018-02-09 13:32:08] RdLotteryManager.INFO: Pagamento do título 61000034 efetuado com sucesso! [] []
[2018-02-09 13:32:08] RdLotteryManager.INFO: Pagamento do título 61000035 efetuado com sucesso! [] []
[2018-02-09 13:32:08] RdLotteryManager.INFO: Pagamento do título 61000036 efetuado com sucesso! [] []
[2018-02-09 13:32:08] RdLotteryManager.INFO: Pagamento do título 61000037 efetuado com sucesso! [] []
[2018-02-09 13:32:08] RdLotteryManager.INFO: Pagamento do título 61000038 efetuado com sucesso! [] []
[2018-02-09 13:32:08] RdLotteryManager.INFO: Arquivo importado com sucesso! [] []
[2018-02-09 14:33:47] RdLotteryManager.INFO: Iniciando processamento de leitura do arquivo de retorno [] []
[2018-02-09 14:33:47] RdLotteryManager.INFO: Realizando a leitura do arquivo: /home/rodrigo/Projects/prova-refactoring/src/../resources/C12345.RET [] []
[2018-02-09 14:33:47] RdLotteryManager.INFO: Lendo a linha do cabecalho [] []
[2018-02-09 14:36:01] RdLotteryManager.INFO: Iniciando processamento de leitura do arquivo de retorno [] []
[2018-02-09 14:36:01] RdLotteryManager.INFO: Realizando a leitura do arquivo: /home/rodrigo/Projects/prova-refactoring/src/../resources/C12345.RET [] []
[2018-02-09 14:36:01] RdLotteryManager.INFO: Lendo a linha do cabecalho [] []
[2018-02-09 14:37:04] RdLotteryManager.INFO: Iniciando processamento de leitura do arquivo de retorno [] []
[2018-02-09 14:37:04] RdLotteryManager.INFO: Realizando a leitura do arquivo: /home/rodrigo/Projects/prova-refactoring/src/../resources/C12345.RET [] []
[2018-02-09 14:37:04] RdLotteryManager.INFO: Lendo a linha do cabecalho [] []
[2018-02-09 14:38:31] RdLotteryManager.INFO: Iniciando processamento de leitura do arquivo de retorno [] []
[2018-02-09 14:38:31] RdLotteryManager.INFO: Realizando a leitura do arquivo: /home/rodrigo/Projects/prova-refactoring/src/../resources/C12345.RET [] []
[2018-02-09 14:38:31] RdLotteryManager.INFO: Lendo a linha do cabecalho [] []
[2018-02-09 14:38:53] RdLotteryManager.INFO: Iniciando processamento de leitura do arquivo de retorno [] []
[2018-02-09 14:38:53] RdLotteryManager.INFO: Realizando a leitura do arquivo: /home/rodrigo/Projects/prova-refactoring/src/../resources/C12345.RET [] []
[2018-02-09 14:38:53] RdLotteryManager.INFO: Lendo a linha do cabecalho [] []
[2018-02-09 14:40:46] RdLotteryManager.INFO: Iniciando processamento de leitura do arquivo de retorno [] []
[2018-02-09 14:40:46] RdLotteryManager.INFO: Realizando a leitura do arquivo: /home/rodrigo/Projects/prova-refactoring/src/../resources/C12345.RET [] []
[2018-02-09 14:40:46] RdLotteryManager.INFO: Lendo a linha do cabecalho [] []
[2018-02-09 14:41:03] RdLotteryManager.INFO: Iniciando processamento de leitura do arquivo de retorno [] []
[2018-02-09 14:41:03] RdLotteryManager.INFO: Realizando a leitura do arquivo: /home/rodrigo/Projects/prova-refactoring/src/../resources/C12345.RET [] []
[2018-02-09 14:41:03] RdLotteryManager.INFO: Lendo a linha do cabecalho [] []
[2018-02-09 14:41:03] RdLotteryManager.INFO: Data do arquivo: 2018-01-03 [] []
[2018-02-09 14:41:03] RdLotteryManager.INFO: Arquivo válido, continuando com o processamento. [] []
[2018-02-09 14:41:03] RdLotteryManager.INFO: Pagamento do título 61000001 efetuado com sucesso! [] []
[2018-02-09 14:41:03] RdLotteryManager.INFO: Pagamento do título 61000002 efetuado com sucesso! [] []
[2018-02-09 14:41:03] RdLotteryManager.INFO: Pagamento do título 61000003 efetuado com sucesso! [] []
[2018-02-09 14:41:03] RdLotteryManager.INFO: Pagamento do título 61000004 efetuado com sucesso! [] []
[2018-02-09 14:41:03] RdLotteryManager.INFO: Pagamento do título 61000005 efetuado com sucesso! [] []
[2018-02-09 14:41:03] RdLotteryManager.INFO: Pagamento do título 61000006 efetuado com sucesso! [] []
[2018-02-09 14:41:03] RdLotteryManager.INFO: Pagamento do título 61000007 efetuado com sucesso! [] []
[2018-02-09 14:41:03] RdLotteryManager.INFO: Pagamento do título 61000008 efetuado com sucesso! [] []
[2018-02-09 14:41:03] RdLotteryManager.ERROR: Pagamento do título 61000009 não foi validado com sucesso! [] []
[2018-02-09 14:41:03] RdLotteryManager.INFO: Pagamento do título 61000010 efetuado com sucesso! [] []
[2018-02-09 14:41:03] RdLotteryManager.INFO: Pagamento do título 61000011 efetuado com sucesso! [] []
[2018-02-09 14:41:03] RdLotteryManager.INFO: Pagamento do título 61000012 efetuado com sucesso! [] []
[2018-02-09 14:41:03] RdLotteryManager.INFO: Pagamento do título 61000013 efetuado com sucesso! [] []
[2018-02-09 14:41:03] RdLotteryManager.INFO: Pagamento do título 61000014 efetuado com sucesso! [] []
[2018-02-09 14:41:03] RdLotteryManager.INFO: Pagamento do título 61000015 efetuado com sucesso! [] []
[2018-02-09 14:41:03] RdLotteryManager.INFO: Pagamento do título 61000016 efetuado com sucesso! [] []
[2018-02-09 14:41:03] RdLotteryManager.INFO: Pagamento do título 61000017 efetuado com sucesso! [] []
[2018-02-09 14:41:03] RdLotteryManager.INFO: Pagamento do título 61000018 efetuado com sucesso! [] []
[2018-02-09 14:41:03] RdLotteryManager.INFO: Pagamento do título 61000019 efetuado com sucesso! [] []
[2018-02-09 14:41:03] RdLotteryManager.INFO: Pagamento do título 61000020 efetuado com sucesso! [] []
[2018-02-09 14:41:03] RdLotteryManager.INFO: Pagamento do título 61000021 efetuado com sucesso! [] []
[2018-02-09 14:41:03] RdLotteryManager.INFO: Pagamento do título 61000022 efetuado com sucesso! [] []
[2018-02-09 14:41:03] RdLotteryManager.INFO: Pagamento do título 61000023 efetuado com sucesso! [] []
[2018-02-09 14:41:03] RdLotteryManager.INFO: Pagamento do título 61000024 efetuado com sucesso! [] []
[2018-02-09 14:41:03] RdLotteryManager.INFO: Pagamento do título 61000025 efetuado com sucesso! [] []
[2018-02-09 14:41:03] RdLotteryManager.INFO: Pagamento do título 61000026 efetuado com sucesso! [] []
[2018-02-09 14:41:03] RdLotteryManager.INFO: Pagamento do título 61000027 efetuado com sucesso! [] []
[2018-02-09 14:41:03] RdLotteryManager.INFO: Pagamento do título 61000028 efetuado com sucesso! [] []
[2018-02-09 14:41:03] RdLotteryManager.INFO: Pagamento do título 61000029 efetuado com sucesso! [] []
[2018-02-09 14:41:03] RdLotteryManager.INFO: Pagamento do título 61000030 efetuado com sucesso! [] []
[2018-02-09 14:41:03] RdLotteryManager.INFO: Pagamento do título 61000031 efetuado com sucesso! [] []
[2018-02-09 14:41:03] RdLotteryManager.INFO: Pagamento do título 61000032 efetuado com sucesso! [] []
[2018-02-09 14:41:03] RdLotteryManager.INFO: Pagamento do título 61000033 efetuado com sucesso! [] []
[2018-02-09 14:41:03] RdLotteryManager.INFO: Pagamento do título 61000034 efetuado com sucesso! [] []
[2018-02-09 14:41:03] RdLotteryManager.INFO: Pagamento do título 61000035 efetuado com sucesso! [] []
[2018-02-09 14:41:03] RdLotteryManager.INFO: Pagamento do título 61000036 efetuado com sucesso! [] []
[2018-02-09 14:41:03] RdLotteryManager.INFO: Pagamento do título 61000037 efetuado com sucesso! [] []
[2018-02-09 14:41:03] RdLotteryManager.INFO: Pagamento do título 61000038 efetuado com sucesso! [] []
[2018-02-09 14:41:03] RdLotteryManager.INFO: Arquivo importado com sucesso! [] []
[2018-02-09 14:42:36] RdLotteryManager.INFO: Iniciando processamento de leitura do arquivo de retorno [] []
[2018-02-09 14:42:36] RdLotteryManager.INFO: Realizando a leitura do arquivo: /home/rodrigo/Projects/prova-refactoring/src/../resources/C12345.RET [] []
[2018-02-09 14:42:36] RdLotteryManager.INFO: Lendo a linha do cabecalho [] []
[2018-02-09 14:42:36] RdLotteryManager.INFO: Data do arquivo: 2018-01-03 [] []
[2018-02-09 14:42:36] RdLotteryManager.INFO: Arquivo válido, continuando com o processamento. [] []
[2018-02-09 14:42:36] RdLotteryManager.INFO: Pagamento do título 61000001 efetuado com sucesso! [] []
[2018-02-09 14:42:36] RdLotteryManager.INFO: Pagamento do título 61000002 efetuado com sucesso! [] []
[2018-02-09 14:42:36] RdLotteryManager.INFO: Pagamento do título 61000003 efetuado com sucesso! [] []
[2018-02-09 14:42:36] RdLotteryManager.INFO: Pagamento do título 61000004 efetuado com sucesso! [] []
[2018-02-09 14:42:36] RdLotteryManager.INFO: Pagamento do título 61000005 efetuado com sucesso! [] []
[2018-02-09 14:42:36] RdLotteryManager.INFO: Pagamento do título 61000006 efetuado com sucesso! [] []
[2018-02-09 14:42:36] RdLotteryManager.INFO: Pagamento do título 61000007 efetuado com sucesso! [] []
[2018-02-09 14:42:36] RdLotteryManager.INFO: Pagamento do título 61000008 efetuado com sucesso! [] []
[2018-02-09 14:42:36] RdLotteryManager.ERROR: Pagamento do título 61000009 não foi validado com sucesso! [] []
[2018-02-09 14:42:36] RdLotteryManager.INFO: Pagamento do título 61000010 efetuado com sucesso! [] []
[2018-02-09 14:42:36] RdLotteryManager.INFO: Pagamento do título 61000011 efetuado com sucesso! [] []
[2018-02-09 14:42:36] RdLotteryManager.INFO: Pagamento do título 61000012 efetuado com sucesso! [] []
[2018-02-09 14:42:36] RdLotteryManager.INFO: Pagamento do título 61000013 efetuado com sucesso! [] []
[2018-02-09 14:42:36] RdLotteryManager.INFO: Pagamento do título 61000014 efetuado com sucesso! [] []
[2018-02-09 14:42:36] RdLotteryManager.INFO: Pagamento do título 61000015 efetuado com sucesso! [] []
[2018-02-09 14:42:36] RdLotteryManager.INFO: Pagamento do título 61000016 efetuado com sucesso! [] []
[2018-02-09 14:42:36] RdLotteryManager.INFO: Pagamento do título 61000017 efetuado com sucesso! [] []
[2018-02-09 14:42:36] RdLotteryManager.INFO: Pagamento do título 61000018 efetuado com sucesso! [] []
[2018-02-09 14:42:36] RdLotteryManager.INFO: Pagamento do título 61000019 efetuado com sucesso! [] []
[2018-02-09 14:42:36] RdLotteryManager.INFO: Pagamento do título 61000020 efetuado com sucesso! [] []
[2018-02-09 14:42:36] RdLotteryManager.INFO: Pagamento do título 61000021 efetuado com sucesso! [] []
[2018-02-09 14:42:36] RdLotteryManager.INFO: Pagamento do título 61000022 efetuado com sucesso! [] []
[2018-02-09 14:42:36] RdLotteryManager.INFO: Pagamento do título 61000023 efetuado com sucesso! [] []
[2018-02-09 14:42:36] RdLotteryManager.INFO: Pagamento do título 61000024 efetuado com sucesso! [] []
[2018-02-09 14:42:36] RdLotteryManager.INFO: Pagamento do título 61000025 efetuado com sucesso! [] []
[2018-02-09 14:42:36] RdLotteryManager.INFO: Pagamento do título 61000026 efetuado com sucesso! [] []
[2018-02-09 14:42:36] RdLotteryManager.INFO: Pagamento do título 61000027 efetuado com sucesso! [] []
[2018-02-09 14:42:36] RdLotteryManager.INFO: Pagamento do título 61000028 efetuado com sucesso! [] []
[2018-02-09 14:42:36] RdLotteryManager.INFO: Pagamento do título 61000029 efetuado com sucesso! [] []
[2018-02-09 14:42:36] RdLotteryManager.INFO: Pagamento do título 61000030 efetuado com sucesso! [] []
[2018-02-09 14:42:36] RdLotteryManager.INFO: Pagamento do título 61000031 efetuado com sucesso! [] []
[2018-02-09 14:42:36] RdLotteryManager.INFO: Pagamento do título 61000032 efetuado com sucesso! [] []
[2018-02-09 14:42:36] RdLotteryManager.INFO: Pagamento do título 61000033 efetuado com sucesso! [] []
[2018-02-09 14:42:36] RdLotteryManager.INFO: Pagamento do título 61000034 efetuado com sucesso! [] []
[2018-02-09 14:42:36] RdLotteryManager.INFO: Pagamento do título 61000035 efetuado com sucesso! [] []
[2018-02-09 14:42:36] RdLotteryManager.INFO: Pagamento do título 61000036 efetuado com sucesso! [] []
[2018-02-09 14:42:36] RdLotteryManager.INFO: Pagamento do título 61000037 efetuado com sucesso! [] []
[2018-02-09 14:42:36] RdLotteryManager.INFO: Pagamento do título 61000038 efetuado com sucesso! [] []
[2018-02-09 14:42:36] RdLotteryManager.INFO: Arquivo importado com sucesso! [] []
[2018-02-09 14:53:48] RdLotteryManager.INFO: Iniciando processamento de leitura do arquivo de retorno [] []
[2018-02-09 14:53:48] RdLotteryManager.INFO: Realizando a leitura do arquivo: /home/rodrigo/Projects/prova-refactoring/src/../resources/C12345.RET [] []
[2018-02-09 14:53:48] RdLotteryManager.INFO: Lendo a linha do cabecalho [] []
[2018-02-09 14:54:36] RdLotteryManager.INFO: Iniciando processamento de leitura do arquivo de retorno [] []
[2018-02-09 14:54:36] RdLotteryManager.INFO: Realizando a leitura do arquivo: /home/rodrigo/Projects/prova-refactoring/src/../resources/C12345.RET [] []
[2018-02-09 14:54:36] RdLotteryManager.INFO: Lendo a linha do cabecalho [] []
[2018-02-09 14:55:26] RdLotteryManager.INFO: Iniciando processamento de leitura do arquivo de retorno [] []
[2018-02-09 14:55:26] RdLotteryManager.INFO: Realizando a leitura do arquivo: /home/rodrigo/Projects/prova-refactoring/src/../resources/C12345.RET [] []
[2018-02-09 14:55:26] RdLotteryManager.INFO: Lendo a linha do cabecalho [] []
[2018-02-09 14:55:51] RdLotteryManager.INFO: Iniciando processamento de leitura do arquivo de retorno [] []
[2018-02-09 14:55:51] RdLotteryManager.INFO: Realizando a leitura do arquivo: /home/rodrigo/Projects/prova-refactoring/src/../resources/C12345.RET [] []
[2018-02-09 14:55:51] RdLotteryManager.INFO: Lendo a linha do cabecalho [] []
[2018-02-09 14:55:51] RdLotteryManager.INFO: Data do arquivo: 2018-01-03 [] []
[2018-02-09 14:55:51] RdLotteryManager.INFO: Arquivo válido, continuando com o processamento. [] []
[2018-02-09 14:55:51] RdLotteryManager.INFO: Pagamento do título 61000001 efetuado com sucesso! [] []
[2018-02-09 14:55:51] RdLotteryManager.INFO: Pagamento do título 61000002 efetuado com sucesso! [] []
[2018-02-09 14:55:51] RdLotteryManager.INFO: Pagamento do título 61000003 efetuado com sucesso! [] []
[2018-02-09 14:55:51] RdLotteryManager.INFO: Pagamento do título 61000004 efetuado com sucesso! [] []
[2018-02-09 14:55:51] RdLotteryManager.INFO: Pagamento do título 61000005 efetuado com sucesso! [] []
[2018-02-09 14:55:51] RdLotteryManager.INFO: Pagamento do título 61000006 efetuado com sucesso! [] []
[2018-02-09 14:55:51] RdLotteryManager.INFO: Pagamento do título 61000007 efetuado com sucesso! [] []
[2018-02-09 14:55:51] RdLotteryManager.INFO: Pagamento do título 61000008 efetuado com sucesso! [] []
[2018-02-09 14:55:51] RdLotteryManager.ERROR: Pagamento do título 61000009 não foi validado com sucesso! [] []
[2018-02-09 14:55:51] RdLotteryManager.INFO: Pagamento do título 61000010 efetuado com sucesso! [] []
[2018-02-09 14:55:51] RdLotteryManager.INFO: Pagamento do título 61000011 efetuado com sucesso! [] []
[2018-02-09 14:55:51] RdLotteryManager.INFO: Pagamento do título 61000012 efetuado com sucesso! [] []
[2018-02-09 14:55:51] RdLotteryManager.INFO: Pagamento do título 61000013 efetuado com sucesso! [] []
[2018-02-09 14:55:51] RdLotteryManager.INFO: Pagamento do título 61000014 efetuado com sucesso! [] []
[2018-02-09 14:55:51] RdLotteryManager.INFO: Pagamento do título 61000015 efetuado com sucesso! [] []
[2018-02-09 14:55:51] RdLotteryManager.INFO: Pagamento do título 61000016 efetuado com sucesso! [] []
[2018-02-09 14:55:51] RdLotteryManager.INFO: Pagamento do título 61000017 efetuado com sucesso! [] []
[2018-02-09 14:55:51] RdLotteryManager.INFO: Pagamento do título 61000018 efetuado com sucesso! [] []
[2018-02-09 14:55:51] RdLotteryManager.INFO: Pagamento do título 61000019 efetuado com sucesso! [] []
[2018-02-09 14:55:51] RdLotteryManager.INFO: Pagamento do título 61000020 efetuado com sucesso! [] []
[2018-02-09 14:55:51] RdLotteryManager.INFO: Pagamento do título 61000021 efetuado com sucesso! [] []
[2018-02-09 14:55:51] RdLotteryManager.INFO: Pagamento do título 61000022 efetuado com sucesso! [] []
[2018-02-09 14:55:51] RdLotteryManager.INFO: Pagamento do título 61000023 efetuado com sucesso! [] []
[2018-02-09 14:55:51] RdLotteryManager.INFO: Pagamento do título 61000024 efetuado com sucesso! [] []
[2018-02-09 14:55:51] RdLotteryManager.INFO: Pagamento do título 61000025 efetuado com sucesso! [] []
[2018-02-09 14:55:51] RdLotteryManager.INFO: Pagamento do título 61000026 efetuado com sucesso! [] []
[2018-02-09 14:55:51] RdLotteryManager.INFO: Pagamento do título 61000027 efetuado com sucesso! [] []
[2018-02-09 14:55:51] RdLotteryManager.INFO: Pagamento do título 61000028 efetuado com sucesso! [] []
[2018-02-09 14:55:51] RdLotteryManager.INFO: Pagamento do título 61000029 efetuado com sucesso! [] []
[2018-02-09 14:55:51] RdLotteryManager.INFO: Pagamento do título 61000030 efetuado com sucesso! [] []
[2018-02-09 14:55:51] RdLotteryManager.INFO: Pagamento do título 61000031 efetuado com sucesso! [] []
[2018-02-09 14:55:51] RdLotteryManager.INFO: Pagamento do título 61000032 efetuado com sucesso! [] []
[2018-02-09 14:55:51] RdLotteryManager.INFO: Pagamento do título 61000033 efetuado com sucesso! [] []
[2018-02-09 14:55:51] RdLotteryManager.INFO: Pagamento do título 61000034 efetuado com sucesso! [] []
[2018-02-09 14:55:51] RdLotteryManager.INFO: Pagamento do título 61000035 efetuado com sucesso! [] []
[2018-02-09 14:55:51] RdLotteryManager.INFO: Pagamento do título 61000036 efetuado com sucesso! [] []
[2018-02-09 14:55:51] RdLotteryManager.INFO: Pagamento do título 61000037 efetuado com sucesso! [] []
[2018-02-09 14:55:51] RdLotteryManager.INFO: Pagamento do título 61000038 efetuado com sucesso! [] []
[2018-02-09 14:55:51] RdLotteryManager.ERROR: O arquivo possui inconsistências de valores! ["[object] (Exception(code: 0): O arquivo possui inconsistências de valores! at /home/rodrigo/Projects/prova-refactoring/src/ProcessamentoRetorno.php:58)"] []
[2018-02-09 14:56:54] RdLotteryManager.INFO: Iniciando processamento de leitura do arquivo de retorno [] []
[2018-02-09 14:56:54] RdLotteryManager.INFO: Realizando a leitura do arquivo: /home/rodrigo/Projects/prova-refactoring/src/../resources/C12345.RET [] []
[2018-02-09 14:56:54] RdLotteryManager.INFO: Lendo a linha do cabecalho [] []
[2018-02-09 14:56:54] RdLotteryManager.INFO: Data do arquivo: 2018-01-03 [] []
[2018-02-09 14:56:54] RdLotteryManager.INFO: Arquivo válido, continuando com o processamento. [] []
[2018-02-09 14:56:54] RdLotteryManager.INFO: Pagamento do título 61000001 efetuado com sucesso! [] []
[2018-02-09 14:56:54] RdLotteryManager.INFO: Pagamento do título 61000002 efetuado com sucesso! [] []
[2018-02-09 14:56:54] RdLotteryManager.INFO: Pagamento do título 61000003 efetuado com sucesso! [] []
[2018-02-09 14:56:54] RdLotteryManager.INFO: Pagamento do título 61000004 efetuado com sucesso! [] []
[2018-02-09 14:56:54] RdLotteryManager.INFO: Pagamento do título 61000005 efetuado com sucesso! [] []
[2018-02-09 14:56:54] RdLotteryManager.INFO: Pagamento do título 61000006 efetuado com sucesso! [] []
[2018-02-09 14:56:54] RdLotteryManager.INFO: Pagamento do título 61000007 efetuado com sucesso! [] []
[2018-02-09 14:56:54] RdLotteryManager.INFO: Pagamento do título 61000008 efetuado com sucesso! [] []
[2018-02-09 14:56:54] RdLotteryManager.ERROR: Pagamento do título 61000009 não foi validado com sucesso! [] []
[2018-02-09 14:56:54] RdLotteryManager.INFO: Pagamento do título 61000010 efetuado com sucesso! [] []
[2018-02-09 14:56:54] RdLotteryManager.INFO: Pagamento do título 61000011 efetuado com sucesso! [] []
[2018-02-09 14:56:54] RdLotteryManager.INFO: Pagamento do título 61000012 efetuado com sucesso! [] []
[2018-02-09 14:56:54] RdLotteryManager.INFO: Pagamento do título 61000013 efetuado com sucesso! [] []
[2018-02-09 14:56:54] RdLotteryManager.INFO: Pagamento do título 61000014 efetuado com sucesso! [] []
[2018-02-09 14:56:54] RdLotteryManager.INFO: Pagamento do título 61000015 efetuado com sucesso! [] []
[2018-02-09 14:56:54] RdLotteryManager.INFO: Pagamento do título 61000016 efetuado com sucesso! [] []
[2018-02-09 14:56:54] RdLotteryManager.INFO: Pagamento do título 61000017 efetuado com sucesso! [] []
[2018-02-09 14:56:54] RdLotteryManager.INFO: Pagamento do título 61000018 efetuado com sucesso! [] []
[2018-02-09 14:56:54] RdLotteryManager.INFO: Pagamento do título 61000019 efetuado com sucesso! [] []
[2018-02-09 14:56:54] RdLotteryManager.INFO: Pagamento do título 61000020 efetuado com sucesso! [] []
[2018-02-09 14:56:54] RdLotteryManager.INFO: Pagamento do título 61000021 efetuado com sucesso! [] []
[2018-02-09 14:56:54] RdLotteryManager.INFO: Pagamento do título 61000022 efetuado com sucesso! [] []
[2018-02-09 14:56:54] RdLotteryManager.INFO: Pagamento do título 61000023 efetuado com sucesso! [] []
[2018-02-09 14:56:54] RdLotteryManager.INFO: Pagamento do título 61000024 efetuado com sucesso! [] []
[2018-02-09 14:56:54] RdLotteryManager.INFO: Pagamento do título 61000025 efetuado com sucesso! [] []
[2018-02-09 14:56:54] RdLotteryManager.INFO: Pagamento do título 61000026 efetuado com sucesso! [] []
[2018-02-09 14:56:54] RdLotteryManager.INFO: Pagamento do título 61000027 efetuado com sucesso! [] []
[2018-02-09 14:56:54] RdLotteryManager.INFO: Pagamento do título 61000028 efetuado com sucesso! [] []
[2018-02-09 14:56:54] RdLotteryManager.INFO: Pagamento do título 61000029 efetuado com sucesso! [] []
[2018-02-09 14:56:54] RdLotteryManager.INFO: Pagamento do título 61000030 efetuado com sucesso! [] []
[2018-02-09 14:56:54] RdLotteryManager.INFO: Pagamento do título 61000031 efetuado com sucesso! [] []
[2018-02-09 14:56:54] RdLotteryManager.INFO: Pagamento do título 61000032 efetuado com sucesso! [] []
[2018-02-09 14:56:54] RdLotteryManager.INFO: Pagamento do título 61000033 efetuado com sucesso! [] []
[2018-02-09 14:56:54] RdLotteryManager.INFO: Pagamento do título 61000034 efetuado com sucesso! [] []
[2018-02-09 14:56:54] RdLotteryManager.INFO: Pagamento do título 61000035 efetuado com sucesso! [] []
[2018-02-09 14:56:54] RdLotteryManager.INFO: Pagamento do título 61000036 efetuado com sucesso! [] []
[2018-02-09 14:56:54] RdLotteryManager.INFO: Pagamento do título 61000037 efetuado com sucesso! [] []
[2018-02-09 14:56:54] RdLotteryManager.INFO: Pagamento do título 61000038 efetuado com sucesso! [] []
[2018-02-09 14:56:54] RdLotteryManager.ERROR: O arquivo possui inconsistências de valores! ["[object] (Exception(code: 0): O arquivo possui inconsistências de valores! at /home/rodrigo/Projects/prova-refactoring/src/ProcessamentoRetorno.php:59)"] []
[2018-02-09 14:57:24] RdLotteryManager.INFO: Iniciando processamento de leitura do arquivo de retorno [] []
[2018-02-09 14:57:24] RdLotteryManager.INFO: Realizando a leitura do arquivo: /home/rodrigo/Projects/prova-refactoring/src/../resources/C12345.RET [] []
[2018-02-09 14:57:24] RdLotteryManager.INFO: Lendo a linha do cabecalho [] []
[2018-02-09 14:57:24] RdLotteryManager.INFO: Data do arquivo: 2018-01-03 [] []
[2018-02-09 14:57:24] RdLotteryManager.INFO: Arquivo válido, continuando com o processamento. [] []
[2018-02-09 14:57:24] RdLotteryManager.INFO: Pagamento do título 61000001 efetuado com sucesso! [] []
[2018-02-09 14:57:24] RdLotteryManager.INFO: Pagamento do título 61000002 efetuado com sucesso! [] []
[2018-02-09 14:57:24] RdLotteryManager.INFO: Pagamento do título 61000003 efetuado com sucesso! [] []
[2018-02-09 14:57:24] RdLotteryManager.INFO: Pagamento do título 61000004 efetuado com sucesso! [] []
[2018-02-09 14:57:24] RdLotteryManager.INFO: Pagamento do título 61000005 efetuado com sucesso! [] []
[2018-02-09 14:57:24] RdLotteryManager.INFO: Pagamento do título 61000006 efetuado com sucesso! [] []
[2018-02-09 14:57:24] RdLotteryManager.INFO: Pagamento do título 61000007 efetuado com sucesso! [] []
[2018-02-09 14:57:24] RdLotteryManager.INFO: Pagamento do título 61000008 efetuado com sucesso! [] []
[2018-02-09 14:57:24] RdLotteryManager.ERROR: Pagamento do título 61000009 não foi validado com sucesso! [] []
[2018-02-09 14:57:24] RdLotteryManager.INFO: Pagamento do título 61000010 efetuado com sucesso! [] []
[2018-02-09 14:57:24] RdLotteryManager.INFO: Pagamento do título 61000011 efetuado com sucesso! [] []
[2018-02-09 14:57:24] RdLotteryManager.INFO: Pagamento do título 61000012 efetuado com sucesso! [] []
[2018-02-09 14:57:24] RdLotteryManager.INFO: Pagamento do título 61000013 efetuado com sucesso! [] []
[2018-02-09 14:57:24] RdLotteryManager.INFO: Pagamento do título 61000014 efetuado com sucesso! [] []
[2018-02-09 14:57:24] RdLotteryManager.INFO: Pagamento do título 61000015 efetuado com sucesso! [] []
[2018-02-09 14:57:24] RdLotteryManager.INFO: Pagamento do título 61000016 efetuado com sucesso! [] []
[2018-02-09 14:57:24] RdLotteryManager.INFO: Pagamento do título 61000017 efetuado com sucesso! [] []
[2018-02-09 14:57:24] RdLotteryManager.INFO: Pagamento do título 61000018 efetuado com sucesso! [] []
[2018-02-09 14:57:24] RdLotteryManager.INFO: Pagamento do título 61000019 efetuado com sucesso! [] []
[2018-02-09 14:57:24] RdLotteryManager.INFO: Pagamento do título 61000020 efetuado com sucesso! [] []
[2018-02-09 14:57:24] RdLotteryManager.INFO: Pagamento do título 61000021 efetuado com sucesso! [] []
[2018-02-09 14:57:24] RdLotteryManager.INFO: Pagamento do título 61000022 efetuado com sucesso! [] []
[2018-02-09 14:57:24] RdLotteryManager.INFO: Pagamento do título 61000023 efetuado com sucesso! [] []
[2018-02-09 14:57:24] RdLotteryManager.INFO: Pagamento do título 61000024 efetuado com sucesso! [] []
[2018-02-09 14:57:24] RdLotteryManager.INFO: Pagamento do título 61000025 efetuado com sucesso! [] []
[2018-02-09 14:57:24] RdLotteryManager.INFO: Pagamento do título 61000026 efetuado com sucesso! [] []
[2018-02-09 14:57:24] RdLotteryManager.INFO: Pagamento do título 61000027 efetuado com sucesso! [] []
[2018-02-09 14:57:24] RdLotteryManager.INFO: Pagamento do título 61000028 efetuado com sucesso! [] []
[2018-02-09 14:57:24] RdLotteryManager.INFO: Pagamento do título 61000029 efetuado com sucesso! [] []
[2018-02-09 14:57:24] RdLotteryManager.INFO: Pagamento do título 61000030 efetuado com sucesso! [] []
[2018-02-09 14:57:24] RdLotteryManager.INFO: Pagamento do título 61000031 efetuado com sucesso! [] []
[2018-02-09 14:57:24] RdLotteryManager.INFO: Pagamento do título 61000032 efetuado com sucesso! [] []
[2018-02-09 14:57:24] RdLotteryManager.INFO: Pagamento do título 61000033 efetuado com sucesso! [] []
[2018-02-09 14:57:24] RdLotteryManager.INFO: Pagamento do título 61000034 efetuado com sucesso! [] []
[2018-02-09 14:57:24] RdLotteryManager.INFO: Pagamento do título 61000035 efetuado com sucesso! [] []
[2018-02-09 14:57:24] RdLotteryManager.INFO: Pagamento do título 61000036 efetuado com sucesso! [] []
[2018-02-09 14:57:24] RdLotteryManager.INFO: Pagamento do título 61000037 efetuado com sucesso! [] []
[2018-02-09 14:57:24] RdLotteryManager.INFO: Pagamento do título 61000038 efetuado com sucesso! [] []
[2018-02-09 14:57:24] RdLotteryManager.ERROR: O arquivo possui inconsistências de valores! ["[object] (Exception(code: 0): O arquivo possui inconsistências de valores! at /home/rodrigo/Projects/prova-refactoring/src/ProcessamentoRetorno.php:59)"] []
[2018-02-09 14:59:00] RdLotteryManager.INFO: Iniciando processamento de leitura do arquivo de retorno [] []
[2018-02-09 14:59:00] RdLotteryManager.INFO: Realizando a leitura do arquivo: /home/rodrigo/Projects/prova-refactoring/src/../resources/C12345.RET [] []
[2018-02-09 14:59:00] RdLotteryManager.INFO: Lendo a linha do cabecalho [] []
[2018-02-09 14:59:00] RdLotteryManager.INFO: Data do arquivo: 2018-01-03 [] []
[2018-02-09 14:59:00] RdLotteryManager.INFO: Arquivo válido, continuando com o processamento. [] []
[2018-02-09 14:59:00] RdLotteryManager.INFO: Pagamento do título 61000001 efetuado com sucesso! [] []
[2018-02-09 14:59:00] RdLotteryManager.INFO: Pagamento do título 61000002 efetuado com sucesso! [] []
[2018-02-09 14:59:00] RdLotteryManager.INFO: Pagamento do título 61000003 efetuado com sucesso! [] []
[2018-02-09 14:59:00] RdLotteryManager.INFO: Pagamento do título 61000004 efetuado com sucesso! [] []
[2018-02-09 14:59:00] RdLotteryManager.INFO: Pagamento do título 61000005 efetuado com sucesso! [] []
[2018-02-09 14:59:00] RdLotteryManager.INFO: Pagamento do título 61000006 efetuado com sucesso! [] []
[2018-02-09 14:59:00] RdLotteryManager.INFO: Pagamento do título 61000007 efetuado com sucesso! [] []
[2018-02-09 14:59:00] RdLotteryManager.INFO: Pagamento do título 61000008 efetuado com sucesso! [] []
[2018-02-09 14:59:00] RdLotteryManager.ERROR: Pagamento do título 61000009 não foi validado com sucesso! [] []
[2018-02-09 14:59:00] RdLotteryManager.INFO: Pagamento do título 61000010 efetuado com sucesso! [] []
[2018-02-09 14:59:00] RdLotteryManager.INFO: Pagamento do título 61000011 efetuado com sucesso! [] []
[2018-02-09 14:59:00] RdLotteryManager.INFO: Pagamento do título 61000012 efetuado com sucesso! [] []
[2018-02-09 14:59:00] RdLotteryManager.INFO: Pagamento do título 61000013 efetuado com sucesso! [] []
[2018-02-09 14:59:00] RdLotteryManager.INFO: Pagamento do título 61000014 efetuado com sucesso! [] []
[2018-02-09 14:59:00] RdLotteryManager.INFO: Pagamento do título 61000015 efetuado com sucesso! [] []
[2018-02-09 14:59:00] RdLotteryManager.INFO: Pagamento do título 61000016 efetuado com sucesso! [] []
[2018-02-09 14:59:00] RdLotteryManager.INFO: Pagamento do título 61000017 efetuado com sucesso! [] []
[2018-02-09 14:59:00] RdLotteryManager.INFO: Pagamento do título 61000018 efetuado com sucesso! [] []
[2018-02-09 14:59:00] RdLotteryManager.INFO: Pagamento do título 61000019 efetuado com sucesso! [] []
[2018-02-09 14:59:00] RdLotteryManager.INFO: Pagamento do título 61000020 efetuado com sucesso! [] []
[2018-02-09 14:59:00] RdLotteryManager.INFO: Pagamento do título 61000021 efetuado com sucesso! [] []
[2018-02-09 14:59:00] RdLotteryManager.INFO: Pagamento do título 61000022 efetuado com sucesso! [] []
[2018-02-09 14:59:00] RdLotteryManager.INFO: Pagamento do título 61000023 efetuado com sucesso! [] []
[2018-02-09 14:59:00] RdLotteryManager.INFO: Pagamento do título 61000024 efetuado com sucesso! [] []
[2018-02-09 14:59:00] RdLotteryManager.INFO: Pagamento do título 61000025 efetuado com sucesso! [] []
[2018-02-09 14:59:00] RdLotteryManager.INFO: Pagamento do título 61000026 efetuado com sucesso! [] []
[2018-02-09 14:59:00] RdLotteryManager.INFO: Pagamento do título 61000027 efetuado com sucesso! [] []
[2018-02-09 14:59:00] RdLotteryManager.INFO: Pagamento do título 61000028 efetuado com sucesso! [] []
[2018-02-09 14:59:00] RdLotteryManager.INFO: Pagamento do título 61000029 efetuado com sucesso! [] []
[2018-02-09 14:59:00] RdLotteryManager.INFO: Pagamento do título 61000030 efetuado com sucesso! [] []
[2018-02-09 14:59:00] RdLotteryManager.INFO: Pagamento do título 61000031 efetuado com sucesso! [] []
[2018-02-09 14:59:00] RdLotteryManager.INFO: Pagamento do título 61000032 efetuado com sucesso! [] []
[2018-02-09 14:59:00] RdLotteryManager.INFO: Pagamento do título 61000033 efetuado com sucesso! [] []
[2018-02-09 14:59:00] RdLotteryManager.INFO: Pagamento do título 61000034 efetuado com sucesso! [] []
[2018-02-09 14:59:00] RdLotteryManager.INFO: Pagamento do título 61000035 efetuado com sucesso! [] []
[2018-02-09 14:59:00] RdLotteryManager.INFO: Pagamento do título 61000036 efetuado com sucesso! [] []
[2018-02-09 14:59:00] RdLotteryManager.INFO: Pagamento do título 61000037 efetuado com sucesso! [] []
[2018-02-09 14:59:00] RdLotteryManager.INFO: Pagamento do título 61000038 efetuado com sucesso! [] []
[2018-02-09 14:59:00] RdLotteryManager.ERROR: O arquivo possui inconsistências de valores! ["[object] (Exception(code: 0): O arquivo possui inconsistências de valores! at /home/rodrigo/Projects/prova-refactoring/src/ProcessamentoRetorno.php:59)"] []
[2018-02-09 15:01:40] RdLotteryManager.INFO: Iniciando processamento de leitura do arquivo de retorno [] []
[2018-02-09 15:01:40] RdLotteryManager.INFO: Realizando a leitura do arquivo: /home/rodrigo/Projects/prova-refactoring/src/../resources/C12345.RET [] []
[2018-02-09 15:01:40] RdLotteryManager.INFO: Lendo a linha do cabecalho [] []
[2018-02-09 15:01:40] RdLotteryManager.INFO: Data do arquivo: 2018-01-03 [] []
[2018-02-09 15:01:40] RdLotteryManager.INFO: Arquivo válido, continuando com o processamento. [] []
[2018-02-09 15:01:40] RdLotteryManager.INFO: Pagamento do título 61000001 efetuado com sucesso! [] []
[2018-02-09 15:01:40] RdLotteryManager.INFO: Pagamento do título 61000002 efetuado com sucesso! [] []
[2018-02-09 15:01:40] RdLotteryManager.INFO: Pagamento do título 61000003 efetuado com sucesso! [] []
[2018-02-09 15:01:40] RdLotteryManager.INFO: Pagamento do título 61000004 efetuado com sucesso! [] []
[2018-02-09 15:01:40] RdLotteryManager.INFO: Pagamento do título 61000005 efetuado com sucesso! [] []
[2018-02-09 15:01:40] RdLotteryManager.INFO: Pagamento do título 61000006 efetuado com sucesso! [] []
[2018-02-09 15:01:40] RdLotteryManager.INFO: Pagamento do título 61000007 efetuado com sucesso! [] []
[2018-02-09 15:01:40] RdLotteryManager.INFO: Pagamento do título 61000008 efetuado com sucesso! [] []
[2018-02-09 15:01:40] RdLotteryManager.ERROR: Pagamento do título 61000009 não foi validado com sucesso! [] []
[2018-02-09 15:01:40] RdLotteryManager.INFO: Pagamento do título 61000010 efetuado com sucesso! [] []
[2018-02-09 15:01:40] RdLotteryManager.INFO: Pagamento do título 61000011 efetuado com sucesso! [] []
[2018-02-09 15:01:40] RdLotteryManager.INFO: Pagamento do título 61000012 efetuado com sucesso! [] []
[2018-02-09 15:01:40] RdLotteryManager.INFO: Pagamento do título 61000013 efetuado com sucesso! [] []
[2018-02-09 15:01:40] RdLotteryManager.INFO: Pagamento do título 61000014 efetuado com sucesso! [] []
[2018-02-09 15:01:40] RdLotteryManager.INFO: Pagamento do título 61000015 efetuado com sucesso! [] []
[2018-02-09 15:01:40] RdLotteryManager.INFO: Pagamento do título 61000016 efetuado com sucesso! [] []
[2018-02-09 15:01:40] RdLotteryManager.INFO: Pagamento do título 61000017 efetuado com sucesso! [] []
[2018-02-09 15:01:40] RdLotteryManager.INFO: Pagamento do título 61000018 efetuado com sucesso! [] []
[2018-02-09 15:01:40] RdLotteryManager.INFO: Pagamento do título 61000019 efetuado com sucesso! [] []
[2018-02-09 15:01:40] RdLotteryManager.INFO: Pagamento do título 61000020 efetuado com sucesso! [] []
[2018-02-09 15:01:40] RdLotteryManager.INFO: Pagamento do título 61000021 efetuado com sucesso! [] []
[2018-02-09 15:01:40] RdLotteryManager.INFO: Pagamento do título 61000022 efetuado com sucesso! [] []
[2018-02-09 15:01:40] RdLotteryManager.INFO: Pagamento do título 61000023 efetuado com sucesso! [] []
[2018-02-09 15:01:40] RdLotteryManager.INFO: Pagamento do título 61000024 efetuado com sucesso! [] []
[2018-02-09 15:01:40] RdLotteryManager.INFO: Pagamento do título 61000025 efetuado com sucesso! [] []
[2018-02-09 15:01:40] RdLotteryManager.INFO: Pagamento do título 61000026 efetuado com sucesso! [] []
[2018-02-09 15:01:40] RdLotteryManager.INFO: Pagamento do título 61000027 efetuado com sucesso! [] []
[2018-02-09 15:01:40] RdLotteryManager.INFO: Pagamento do título 61000028 efetuado com sucesso! [] []
[2018-02-09 15:01:40] RdLotteryManager.INFO: Pagamento do título 61000029 efetuado com sucesso! [] []
[2018-02-09 15:01:40] RdLotteryManager.INFO: Pagamento do título 61000030 efetuado com sucesso! [] []
[2018-02-09 15:01:40] RdLotteryManager.INFO: Pagamento do título 61000031 efetuado com sucesso! [] []
[2018-02-09 15:01:40] RdLotteryManager.INFO: Pagamento do título 61000032 efetuado com sucesso! [] []
[2018-02-09 15:01:40] RdLotteryManager.INFO: Pagamento do título 61000033 efetuado com sucesso! [] []
[2018-02-09 15:01:40] RdLotteryManager.INFO: Pagamento do título 61000034 efetuado com sucesso! [] []
[2018-02-09 15:01:40] RdLotteryManager.INFO: Pagamento do título 61000035 efetuado com sucesso! [] []
[2018-02-09 15:01:40] RdLotteryManager.INFO: Pagamento do título 61000036 efetuado com sucesso! [] []
[2018-02-09 15:01:40] RdLotteryManager.INFO: Pagamento do título 61000037 efetuado com sucesso! [] []
[2018-02-09 15:01:40] RdLotteryManager.INFO: Pagamento do título 61000038 efetuado com sucesso! [] []
[2018-02-09 15:01:51] RdLotteryManager.INFO: Iniciando processamento de leitura do arquivo de retorno [] []
[2018-02-09 15:01:51] RdLotteryManager.INFO: Realizando a leitura do arquivo: /home/rodrigo/Projects/prova-refactoring/src/../resources/C12345.RET [] []
[2018-02-09 15:01:51] RdLotteryManager.INFO: Lendo a linha do cabecalho [] []
[2018-02-09 15:01:51] RdLotteryManager.INFO: Data do arquivo: 2018-01-03 [] []
[2018-02-09 15:01:51] RdLotteryManager.INFO: Arquivo válido, continuando com o processamento. [] []
[2018-02-09 15:01:51] RdLotteryManager.INFO: Pagamento do título 61000001 efetuado com sucesso! [] []
[2018-02-09 15:01:51] RdLotteryManager.INFO: Pagamento do título 61000002 efetuado com sucesso! [] []
[2018-02-09 15:01:51] RdLotteryManager.INFO: Pagamento do título 61000003 efetuado com sucesso! [] []
[2018-02-09 15:01:51] RdLotteryManager.INFO: Pagamento do título 61000004 efetuado com sucesso! [] []
[2018-02-09 15:01:51] RdLotteryManager.INFO: Pagamento do título 61000005 efetuado com sucesso! [] []
[2018-02-09 15:01:51] RdLotteryManager.INFO: Pagamento do título 61000006 efetuado com sucesso! [] []
[2018-02-09 15:01:51] RdLotteryManager.INFO: Pagamento do título 61000007 efetuado com sucesso! [] []
[2018-02-09 15:01:51] RdLotteryManager.INFO: Pagamento do título 61000008 efetuado com sucesso! [] []
[2018-02-09 15:01:51] RdLotteryManager.ERROR: Pagamento do título 61000009 não foi validado com sucesso! [] []
[2018-02-09 15:01:51] RdLotteryManager.INFO: Pagamento do título 61000010 efetuado com sucesso! [] []
[2018-02-09 15:01:51] RdLotteryManager.INFO: Pagamento do título 61000011 efetuado com sucesso! [] []
[2018-02-09 15:01:51] RdLotteryManager.INFO: Pagamento do título 61000012 efetuado com sucesso! [] []
[2018-02-09 15:01:51] RdLotteryManager.INFO: Pagamento do título 61000013 efetuado com sucesso! [] []
[2018-02-09 15:01:51] RdLotteryManager.INFO: Pagamento do título 61000014 efetuado com sucesso! [] []
[2018-02-09 15:01:51] RdLotteryManager.INFO: Pagamento do título 61000015 efetuado com sucesso! [] []
[2018-02-09 15:01:51] RdLotteryManager.INFO: Pagamento do título 61000016 efetuado com sucesso! [] []
[2018-02-09 15:01:51] RdLotteryManager.INFO: Pagamento do título 61000017 efetuado com sucesso! [] []
[2018-02-09 15:01:51] RdLotteryManager.INFO: Pagamento do título 61000018 efetuado com sucesso! [] []
[2018-02-09 15:01:51] RdLotteryManager.INFO: Pagamento do título 61000019 efetuado com sucesso! [] []
[2018-02-09 15:01:51] RdLotteryManager.INFO: Pagamento do título 61000020 efetuado com sucesso! [] []
[2018-02-09 15:01:51] RdLotteryManager.INFO: Pagamento do título 61000021 efetuado com sucesso! [] []
[2018-02-09 15:01:51] RdLotteryManager.INFO: Pagamento do título 61000022 efetuado com sucesso! [] []
[2018-02-09 15:01:51] RdLotteryManager.INFO: Pagamento do título 61000023 efetuado com sucesso! [] []
[2018-02-09 15:01:51] RdLotteryManager.INFO: Pagamento do título 61000024 efetuado com sucesso! [] []
[2018-02-09 15:01:51] RdLotteryManager.INFO: Pagamento do título 61000025 efetuado com sucesso! [] []
[2018-02-09 15:01:51] RdLotteryManager.INFO: Pagamento do título 61000026 efetuado com sucesso! [] []
[2018-02-09 15:01:51] RdLotteryManager.INFO: Pagamento do título 61000027 efetuado com sucesso! [] []
[2018-02-09 15:01:51] RdLotteryManager.INFO: Pagamento do título 61000028 efetuado com sucesso! [] []
[2018-02-09 15:01:51] RdLotteryManager.INFO: Pagamento do título 61000029 efetuado com sucesso! [] []
[2018-02-09 15:01:51] RdLotteryManager.INFO: Pagamento do título 61000030 efetuado com sucesso! [] []
[2018-02-09 15:01:51] RdLotteryManager.INFO: Pagamento do título 61000031 efetuado com sucesso! [] []
[2018-02-09 15:01:51] RdLotteryManager.INFO: Pagamento do título 61000032 efetuado com sucesso! [] []
[2018-02-09 15:01:51] RdLotteryManager.INFO: Pagamento do título 61000033 efetuado com sucesso! [] []
[2018-02-09 15:01:51] RdLotteryManager.INFO: Pagamento do título 61000034 efetuado com sucesso! [] []
[2018-02-09 15:01:51] RdLotteryManager.INFO: Pagamento do título 61000035 efetuado com sucesso! [] []
[2018-02-09 15:01:51] RdLotteryManager.INFO: Pagamento do título 61000036 efetuado com sucesso! [] []
[2018-02-09 15:01:51] RdLotteryManager.INFO: Pagamento do título 61000037 efetuado com sucesso! [] []
[2018-02-09 15:01:51] RdLotteryManager.INFO: Pagamento do título 61000038 efetuado com sucesso! [] []
[2018-02-09 15:06:47] RdLotteryManager.INFO: Iniciando processamento de leitura do arquivo de retorno [] []
[2018-02-09 15:06:47] RdLotteryManager.INFO: Realizando a leitura do arquivo: /home/rodrigo/Projects/prova-refactoring/src/../resources/C12345.RET [] []
[2018-02-09 15:06:47] RdLotteryManager.INFO: Lendo a linha do cabecalho [] []
[2018-02-09 15:06:47] RdLotteryManager.INFO: Data do arquivo: 2018-01-03 [] []
[2018-02-09 15:06:47] RdLotteryManager.INFO: Arquivo válido, continuando com o processamento. [] []
[2018-02-09 15:06:47] RdLotteryManager.INFO: Pagamento do título 61000001 efetuado com sucesso! [] []
[2018-02-09 15:06:47] RdLotteryManager.INFO: Pagamento do título 61000002 efetuado com sucesso! [] []
[2018-02-09 15:06:47] RdLotteryManager.INFO: Pagamento do título 61000003 efetuado com sucesso! [] []
[2018-02-09 15:06:47] RdLotteryManager.INFO: Pagamento do título 61000004 efetuado com sucesso! [] []
[2018-02-09 15:06:47] RdLotteryManager.INFO: Pagamento do título 61000005 efetuado com sucesso! [] []
[2018-02-09 15:06:47] RdLotteryManager.INFO: Pagamento do título 61000006 efetuado com sucesso! [] []
[2018-02-09 15:06:47] RdLotteryManager.INFO: Pagamento do título 61000007 efetuado com sucesso! [] []
[2018-02-09 15:06:47] RdLotteryManager.INFO: Pagamento do título 61000008 efetuado com sucesso! [] []
[2018-02-09 15:06:47] RdLotteryManager.ERROR: Pagamento do título 61000009 não foi validado com sucesso! [] []
[2018-02-09 15:06:47] RdLotteryManager.INFO: Pagamento do título 61000010 efetuado com sucesso! [] []
[2018-02-09 15:06:47] RdLotteryManager.INFO: Pagamento do título 61000011 efetuado com sucesso! [] []
[2018-02-09 15:06:47] RdLotteryManager.INFO: Pagamento do título 61000012 efetuado com sucesso! [] []
[2018-02-09 15:06:47] RdLotteryManager.INFO: Pagamento do título 61000013 efetuado com sucesso! [] []
[2018-02-09 15:06:47] RdLotteryManager.INFO: Pagamento do título 61000014 efetuado com sucesso! [] []
[2018-02-09 15:06:47] RdLotteryManager.INFO: Pagamento do título 61000015 efetuado com sucesso! [] []
[2018-02-09 15:06:47] RdLotteryManager.INFO: Pagamento do título 61000016 efetuado com sucesso! [] []
[2018-02-09 15:06:47] RdLotteryManager.INFO: Pagamento do título 61000017 efetuado com sucesso! [] []
[2018-02-09 15:06:47] RdLotteryManager.INFO: Pagamento do título 61000018 efetuado com sucesso! [] []
[2018-02-09 15:06:47] RdLotteryManager.INFO: Pagamento do título 61000019 efetuado com sucesso! [] []
[2018-02-09 15:06:47] RdLotteryManager.INFO: Pagamento do título 61000020 efetuado com sucesso! [] []
[2018-02-09 15:06:47] RdLotteryManager.INFO: Pagamento do título 61000021 efetuado com sucesso! [] []
[2018-02-09 15:06:47] RdLotteryManager.INFO: Pagamento do título 61000022 efetuado com sucesso! [] []
[2018-02-09 15:06:47] RdLotteryManager.INFO: Pagamento do título 61000023 efetuado com sucesso! [] []
[2018-02-09 15:06:47] RdLotteryManager.INFO: Pagamento do título 61000024 efetuado com sucesso! [] []
[2018-02-09 15:06:47] RdLotteryManager.INFO: Pagamento do título 61000025 efetuado com sucesso! [] []
[2018-02-09 15:06:47] RdLotteryManager.INFO: Pagamento do título 61000026 efetuado com sucesso! [] []
[2018-02-09 15:06:47] RdLotteryManager.INFO: Pagamento do título 61000027 efetuado com sucesso! [] []
[2018-02-09 15:06:47] RdLotteryManager.INFO: Pagamento do título 61000028 efetuado com sucesso! [] []
[2018-02-09 15:06:47] RdLotteryManager.INFO: Pagamento do título 61000029 efetuado com sucesso! [] []
[2018-02-09 15:06:47] RdLotteryManager.INFO: Pagamento do título 61000030 efetuado com sucesso! [] []
[2018-02-09 15:06:47] RdLotteryManager.INFO: Pagamento do título 61000031 efetuado com sucesso! [] []
[2018-02-09 15:06:47] RdLotteryManager.INFO: Pagamento do título 61000032 efetuado com sucesso! [] []
[2018-02-09 15:06:47] RdLotteryManager.INFO: Pagamento do título 61000033 efetuado com sucesso! [] []
[2018-02-09 15:06:47] RdLotteryManager.INFO: Pagamento do título 61000034 efetuado com sucesso! [] []
[2018-02-09 15:06:47] RdLotteryManager.INFO: Pagamento do título 61000035 efetuado com sucesso! [] []
[2018-02-09 15:06:47] RdLotteryManager.INFO: Pagamento do título 61000036 efetuado com sucesso! [] []
[2018-02-09 15:06:47] RdLotteryManager.INFO: Pagamento do título 61000037 efetuado com sucesso! [] []
[2018-02-09 15:06:47] RdLotteryManager.INFO: Pagamento do título 61000038 efetuado com sucesso! [] []
[2018-02-09 15:06:47] RdLotteryManager.ERROR: O arquivo possui inconsistências de valores! ["[object] (Exception(code: 0): O arquivo possui inconsistências de valores! at /home/rodrigo/Projects/prova-refactoring/src/ProcessamentoRetorno.php:55)"] []
[2018-02-09 15:08:10] RdLotteryManager.INFO: Iniciando processamento de leitura do arquivo de retorno [] []
[2018-02-09 15:08:10] RdLotteryManager.INFO: Realizando a leitura do arquivo: /home/rodrigo/Projects/prova-refactoring/src/../resources/C12345.RET [] []
[2018-02-09 15:08:10] RdLotteryManager.INFO: Lendo a linha do cabecalho [] []
[2018-02-09 15:08:10] RdLotteryManager.INFO: Data do arquivo: 2018-01-03 [] []
[2018-02-09 15:08:10] RdLotteryManager.INFO: Arquivo válido, continuando com o processamento. [] []
[2018-02-09 15:08:10] RdLotteryManager.INFO: Pagamento do título 61000001 efetuado com sucesso! [] []
[2018-02-09 15:08:10] RdLotteryManager.INFO: Pagamento do título 61000002 efetuado com sucesso! [] []
[2018-02-09 15:08:10] RdLotteryManager.INFO: Pagamento do título 61000003 efetuado com sucesso! [] []
[2018-02-09 15:08:10] RdLotteryManager.INFO: Pagamento do título 61000004 efetuado com sucesso! [] []
[2018-02-09 15:08:10] RdLotteryManager.INFO: Pagamento do título 61000005 efetuado com sucesso! [] []
[2018-02-09 15:08:10] RdLotteryManager.INFO: Pagamento do título 61000006 efetuado com sucesso! [] []
[2018-02-09 15:08:10] RdLotteryManager.INFO: Pagamento do título 61000007 efetuado com sucesso! [] []
[2018-02-09 15:08:10] RdLotteryManager.INFO: Pagamento do título 61000008 efetuado com sucesso! [] []
[2018-02-09 15:08:10] RdLotteryManager.ERROR: Pagamento do título 61000009 não foi validado com sucesso! [] []
[2018-02-09 15:08:10] RdLotteryManager.INFO: Pagamento do título 61000010 efetuado com sucesso! [] []
[2018-02-09 15:08:10] RdLotteryManager.INFO: Pagamento do título 61000011 efetuado com sucesso! [] []
[2018-02-09 15:08:10] RdLotteryManager.INFO: Pagamento do título 61000012 efetuado com sucesso! [] []
[2018-02-09 15:08:10] RdLotteryManager.INFO: Pagamento do título 61000013 efetuado com sucesso! [] []
[2018-02-09 15:08:10] RdLotteryManager.INFO: Pagamento do título 61000014 efetuado com sucesso! [] []
[2018-02-09 15:08:10] RdLotteryManager.INFO: Pagamento do título 61000015 efetuado com sucesso! [] []
[2018-02-09 15:08:10] RdLotteryManager.INFO: Pagamento do título 61000016 efetuado com sucesso! [] []
[2018-02-09 15:08:10] RdLotteryManager.INFO: Pagamento do título 61000017 efetuado com sucesso! [] []
[2018-02-09 15:08:10] RdLotteryManager.INFO: Pagamento do título 61000018 efetuado com sucesso! [] []
[2018-02-09 15:08:10] RdLotteryManager.INFO: Pagamento do título 61000019 efetuado com sucesso! [] []
[2018-02-09 15:08:10] RdLotteryManager.INFO: Pagamento do título 61000020 efetuado com sucesso! [] []
[2018-02-09 15:08:10] RdLotteryManager.INFO: Pagamento do título 61000021 efetuado com sucesso! [] []
[2018-02-09 15:08:10] RdLotteryManager.INFO: Pagamento do título 61000022 efetuado com sucesso! [] []
[2018-02-09 15:08:10] RdLotteryManager.INFO: Pagamento do título 61000023 efetuado com sucesso! [] []
[2018-02-09 15:08:10] RdLotteryManager.INFO: Pagamento do título 61000024 efetuado com sucesso! [] []
[2018-02-09 15:08:10] RdLotteryManager.INFO: Pagamento do título 61000025 efetuado com sucesso! [] []
[2018-02-09 15:08:10] RdLotteryManager.INFO: Pagamento do título 61000026 efetuado com sucesso! [] []
[2018-02-09 15:08:10] RdLotteryManager.INFO: Pagamento do título 61000027 efetuado com sucesso! [] []
[2018-02-09 15:08:10] RdLotteryManager.INFO: Pagamento do título 61000028 efetuado com sucesso! [] []
[2018-02-09 15:08:10] RdLotteryManager.INFO: Pagamento do título 61000029 efetuado com sucesso! [] []
[2018-02-09 15:08:10] RdLotteryManager.INFO: Pagamento do título 61000030 efetuado com sucesso! [] []
[2018-02-09 15:08:10] RdLotteryManager.INFO: Pagamento do título 61000031 efetuado com sucesso! [] []
[2018-02-09 15:08:10] RdLotteryManager.INFO: Pagamento do título 61000032 efetuado com sucesso! [] []
[2018-02-09 15:08:10] RdLotteryManager.INFO: Pagamento do título 61000033 efetuado com sucesso! [] []
[2018-02-09 15:08:10] RdLotteryManager.INFO: Pagamento do título 61000034 efetuado com sucesso! [] []
[2018-02-09 15:08:10] RdLotteryManager.INFO: Pagamento do título 61000035 efetuado com sucesso! [] []
[2018-02-09 15:08:10] RdLotteryManager.INFO: Pagamento do título 61000036 efetuado com sucesso! [] []
[2018-02-09 15:08:10] RdLotteryManager.INFO: Pagamento do título 61000037 efetuado com sucesso! [] []
[2018-02-09 15:08:10] RdLotteryManager.INFO: Pagamento do título 61000038 efetuado com sucesso! [] []
[2018-02-09 15:08:10] RdLotteryManager.ERROR: O arquivo possui inconsistências de valores! ["[object] (Exception(code: 0): O arquivo possui inconsistências de valores! at /home/rodrigo/Projects/prova-refactoring/src/ProcessamentoRetorno.php:58)"] []
[2018-02-09 15:09:13] RdLotteryManager.INFO: Iniciando processamento de leitura do arquivo de retorno [] []
[2018-02-09 15:09:13] RdLotteryManager.INFO: Realizando a leitura do arquivo: /home/rodrigo/Projects/prova-refactoring/src/../resources/C12345.RET [] []
[2018-02-09 15:09:13] RdLotteryManager.INFO: Lendo a linha do cabecalho [] []
[2018-02-09 15:09:13] RdLotteryManager.INFO: Data do arquivo: 2018-01-03 [] []
[2018-02-09 15:09:13] RdLotteryManager.INFO: Arquivo válido, continuando com o processamento. [] []
[2018-02-09 15:09:13] RdLotteryManager.INFO: Pagamento do título 61000001 efetuado com sucesso! [] []
[2018-02-09 15:09:13] RdLotteryManager.INFO: Pagamento do título 61000002 efetuado com sucesso! [] []
[2018-02-09 15:09:13] RdLotteryManager.INFO: Pagamento do título 61000003 efetuado com sucesso! [] []
[2018-02-09 15:09:13] RdLotteryManager.INFO: Pagamento do título 61000004 efetuado com sucesso! [] []
[2018-02-09 15:09:13] RdLotteryManager.INFO: Pagamento do título 61000005 efetuado com sucesso! [] []
[2018-02-09 15:09:13] RdLotteryManager.INFO: Pagamento do título 61000006 efetuado com sucesso! [] []
[2018-02-09 15:09:13] RdLotteryManager.INFO: Pagamento do título 61000007 efetuado com sucesso! [] []
[2018-02-09 15:09:13] RdLotteryManager.INFO: Pagamento do título 61000008 efetuado com sucesso! [] []
[2018-02-09 15:09:13] RdLotteryManager.ERROR: Pagamento do título 61000009 não foi validado com sucesso! [] []
[2018-02-09 15:09:13] RdLotteryManager.INFO: Pagamento do título 61000010 efetuado com sucesso! [] []
[2018-02-09 15:09:13] RdLotteryManager.INFO: Pagamento do título 61000011 efetuado com sucesso! [] []
[2018-02-09 15:09:13] RdLotteryManager.INFO: Pagamento do título 61000012 efetuado com sucesso! [] []
[2018-02-09 15:09:13] RdLotteryManager.INFO: Pagamento do título 61000013 efetuado com sucesso! [] []
[2018-02-09 15:09:13] RdLotteryManager.INFO: Pagamento do título 61000014 efetuado com sucesso! [] []
[2018-02-09 15:09:13] RdLotteryManager.INFO: Pagamento do título 61000015 efetuado com sucesso! [] []
[2018-02-09 15:09:13] RdLotteryManager.INFO: Pagamento do título 61000016 efetuado com sucesso! [] []
[2018-02-09 15:09:13] RdLotteryManager.INFO: Pagamento do título 61000017 efetuado com sucesso! [] []
[2018-02-09 15:09:13] RdLotteryManager.INFO: Pagamento do título 61000018 efetuado com sucesso! [] []
[2018-02-09 15:09:13] RdLotteryManager.INFO: Pagamento do título 61000019 efetuado com sucesso! [] []
[2018-02-09 15:09:13] RdLotteryManager.INFO: Pagamento do título 61000020 efetuado com sucesso! [] []
[2018-02-09 15:09:13] RdLotteryManager.INFO: Pagamento do título 61000021 efetuado com sucesso! [] []
[2018-02-09 15:09:13] RdLotteryManager.INFO: Pagamento do título 61000022 efetuado com sucesso! [] []
[2018-02-09 15:09:13] RdLotteryManager.INFO: Pagamento do título 61000023 efetuado com sucesso! [] []
[2018-02-09 15:09:13] RdLotteryManager.INFO: Pagamento do título 61000024 efetuado com sucesso! [] []
[2018-02-09 15:09:13] RdLotteryManager.INFO: Pagamento do título 61000025 efetuado com sucesso! [] []
[2018-02-09 15:09:13] RdLotteryManager.INFO: Pagamento do título 61000026 efetuado com sucesso! [] []
[2018-02-09 15:09:13] RdLotteryManager.INFO: Pagamento do título 61000027 efetuado com sucesso! [] []
[2018-02-09 15:09:13] RdLotteryManager.INFO: Pagamento do título 61000028 efetuado com sucesso! [] []
[2018-02-09 15:09:13] RdLotteryManager.INFO: Pagamento do título 61000029 efetuado com sucesso! [] []
[2018-02-09 15:09:13] RdLotteryManager.INFO: Pagamento do título 61000030 efetuado com sucesso! [] []
[2018-02-09 15:09:13] RdLotteryManager.INFO: Pagamento do título 61000031 efetuado com sucesso! [] []
[2018-02-09 15:09:13] RdLotteryManager.INFO: Pagamento do título 61000032 efetuado com sucesso! [] []
[2018-02-09 15:09:13] RdLotteryManager.INFO: Pagamento do título 61000033 efetuado com sucesso! [] []
[2018-02-09 15:09:13] RdLotteryManager.INFO: Pagamento do título 61000034 efetuado com sucesso! [] []
[2018-02-09 15:09:13] RdLotteryManager.INFO: Pagamento do título 61000035 efetuado com sucesso! [] []
[2018-02-09 15:09:13] RdLotteryManager.INFO: Pagamento do título 61000036 efetuado com sucesso! [] []
[2018-02-09 15:09:13] RdLotteryManager.INFO: Pagamento do título 61000037 efetuado com sucesso! [] []
[2018-02-09 15:09:13] RdLotteryManager.INFO: Pagamento do título 61000038 efetuado com sucesso! [] []
[2018-02-09 15:09:13] RdLotteryManager.INFO: Arquivo importado com sucesso! [] []
